#
# A fatal error has been detected by the Java Runtime Environment:
#
#  EXCEPTION_ACCESS_VIOLATION (0xc0000005) at pc=0x00007ffdf6ada242, pid=1932, tid=16008
#
# JRE version: OpenJDK Runtime Environment (17.0.6) (build 17.0.6+0-b2043.56-10027231)
# Java VM: OpenJDK 64-Bit Server VM (17.0.6+0-b2043.56-10027231, mixed mode, tiered, compressed oops, compressed class ptrs, g1 gc, windows-amd64)
# Problematic frame:
# V  [jvm.dll+0x2da242]
#
# No core dump will be written. Minidumps are not enabled by default on client versions of Windows
#
# If you would like to submit a bug report, please visit:
#   https://bugreport.java.com/bugreport/crash.jsp
#

---------------  S U M M A R Y ------------

Command Line: --add-opens=java.base/java.util=ALL-UNNAMED --add-opens=java.base/java.lang=ALL-UNNAMED --add-opens=java.base/java.lang.invoke=ALL-UNNAMED --add-opens=java.prefs/java.util.prefs=ALL-UNNAMED --add-opens=java.base/java.nio.charset=ALL-UNNAMED --add-opens=java.base/java.net=ALL-UNNAMED --add-opens=java.base/java.util.concurrent.atomic=ALL-UNNAMED -Xmx2048m -Dfile.encoding=UTF-8 -Duser.country=US -Duser.language=en -Duser.variant -javaagent:C:\Users\Nikita\.gradle\wrapper\dists\gradle-8.1.1-bin\9wiye5v2saajue4irfo8ybqfp\gradle-8.1.1\lib\agents\gradle-instrumentation-agent-8.1.1.jar org.gradle.launcher.daemon.bootstrap.GradleDaemon 8.1.1

Host: AMD Ryzen 5 3500U with Radeon Vega Mobile Gfx  , 8 cores, 6G,  Windows 11 , 64 bit Build 22621 (10.0.22621.2215)
Time: Sun Oct  1 16:38:37 2023 Russia TZ 2 Standard Time elapsed time: 6.207486 seconds (0d 0h 0m 6s)

---------------  T H R E A D  ---------------

Current thread (0x000002e12673eb20):  ConcurrentGCThread "G1 Conc#1" [stack: 0x000000ecc2e00000,0x000000ecc2f00000] [id=16008]

Stack: [0x000000ecc2e00000,0x000000ecc2f00000],  sp=0x000000ecc2effaf0,  free space=1022k
Native frames: (J=compiled Java code, j=interpreted, Vv=VM code, C=native code)
V  [jvm.dll+0x2da242]
V  [jvm.dll+0x2d9f8f]
V  [jvm.dll+0x2d87dd]
V  [jvm.dll+0x2d7e01]
V  [jvm.dll+0x2ed9be]
V  [jvm.dll+0x2ea131]
V  [jvm.dll+0x2eba8c]
V  [jvm.dll+0x2eaa64]
V  [jvm.dll+0x2ee5c6]
V  [jvm.dll+0x86fb6b]
V  [jvm.dll+0x86fbb6]
V  [jvm.dll+0x7f274a]
V  [jvm.dll+0x682ad5]
C  [ucrtbase.dll+0x29363]
C  [KERNEL32.DLL+0x1257d]
C  [ntdll.dll+0x5aa68]


siginfo: EXCEPTION_ACCESS_VIOLATION (0xc0000005), reading address 0x00000000000000c8


Register to memory mapping:

RIP=0x00007ffdf6ada242 jvm.dll
RAX=0x000002e109506880 points into unknown readable memory: 0x0000000000000000 | 00 00 00 00 00 00 00 00
RBX=0x000002e10954db30 points into unknown readable memory: 0x00007ffdf71629c8 | c8 29 16 f7 fd 7f 00 00
RCX=0x0000000000000014 is an unknown value
RDX=0x0 is NULL
RSP=0x000000ecc2effaf0 points into unknown readable memory: 0x0000b76f1179cedf | df ce 79 11 6f b7 00 00
RBP=0x0 is NULL
RSI=0x000002e10953af90 points into unknown readable memory: 0x000002e10954b8d0 | d0 b8 54 09 e1 02 00 00
RDI=0x0000000000000040 is an unknown value
R8 =0x0000000000000040 is an unknown value
R9 =0x0 is NULL
R10=0x000000000000001b is an unknown value
R11=0x0000000000000003 is an unknown value
R12=0x0 is NULL
R13=0xaaaaaaaaaaaaaaab is an unknown value
R14=0x0000000000000001 is an unknown value
R15=0x000000ecc2effc70 points into unknown readable memory: 0x000002e10953af90 | 90 af 53 09 e1 02 00 00


Registers:
RAX=0x000002e109506880, RBX=0x000002e10954db30, RCX=0x0000000000000014, RDX=0x0000000000000000
RSP=0x000000ecc2effaf0, RBP=0x0000000000000000, RSI=0x000002e10953af90, RDI=0x0000000000000040
R8 =0x0000000000000040, R9 =0x0000000000000000, R10=0x000000000000001b, R11=0x0000000000000003
R12=0x0000000000000000, R13=0xaaaaaaaaaaaaaaab, R14=0x0000000000000001, R15=0x000000ecc2effc70
RIP=0x00007ffdf6ada242, EFLAGS=0x0000000000010256

Top of Stack: (sp=0x000000ecc2effaf0)
0x000000ecc2effaf0:   0000b76f1179cedf 000000ecc2effcb0
0x000000ecc2effb00:   0000000081b04e90 00007ffdf6ad9f8f
0x000000ecc2effb10:   0000000000000040 00007ffdf6ad9f8f
0x000000ecc2effb20:   000002e10954db30 000000ecc2effcb0
0x000000ecc2effb30:   0000000081b04eb4 00007ffdf6ad81bd
0x000000ecc2effb40:   000000ecc2effcb0 00007ffdf6ad87dd
0x000000ecc2effb50:   0000000081b04ea4 0000000100047128
0x000000ecc2effb60:   000000ecc2effc70 0000000000000001
0x000000ecc2effb70:   00000001000595a0 00007ffdf6ad7e01
0x000000ecc2effb80:   0000000000000005 0000000081b04e90
0x000000ecc2effb90:   000000ecc2effcb0 0000000081b04cf0
0x000000ecc2effba0:   000002e10954db30 00007ffdf6aed9be
0x000000ecc2effbb0:   0000000081b04e90 000002e10953afa0
0x000000ecc2effbc0:   000000ecc2effc70 000002e10953afa0
0x000000ecc2effbd0:   0000000081b04e90 00007ffdf6aea131
0x000000ecc2effbe0:   00000000003609d2 00007ffdf6aed9f0 

Instructions: (pc=0x00007ffdf6ada242)
0x00007ffdf6ada142:   48 3b c8 75 ee 32 db 48 8b 6c 24 38 0f b6 c3 48
0x00007ffdf6ada152:   8b 5c 24 30 48 8b 74 24 40 48 83 c4 20 5f c3 80
0x00007ffdf6ada162:   3d a7 66 8b 00 00 b3 01 74 15 8b 57 08 8b 0d 83
0x00007ffdf6ada172:   a1 84 00 48 d3 e2 48 03 15 71 a1 84 00 eb 04 48
0x00007ffdf6ada182:   8b 57 08 48 8b cf e8 f3 28 d3 ff 4c 63 d8 48 8b
0x00007ffdf6ada192:   86 08 03 00 00 4c 8b 04 e8 49 8b 40 18 8b 88 c0
0x00007ffdf6ada1a2:   01 00 00 48 8b 90 b8 01 00 00 48 d3 e2 8b 0d 9b
0x00007ffdf6ada1b2:   6f 8b 00 48 2b fa 41 8b 50 60 48 d3 ef 44 8b d7
0x00007ffdf6ada1c2:   49 23 d2 48 c1 e2 04 49 03 50 40 8b 02 3b c7 74
0x00007ffdf6ada1d2:   2d 4c 8b 4a 08 4d 85 c9 74 0c 8b c8 49 8b 40 38
0x00007ffdf6ada1e2:   f0 4c 0f c1 0c c8 48 c7 42 08 00 00 00 00 44 89
0x00007ffdf6ada1f2:   12 49 ff 40 58 4c 01 5a 08 e9 49 ff ff ff 49 ff
0x00007ffdf6ada202:   40 50 4c 01 5a 08 e9 3c ff ff ff cc cc cc 48 89
0x00007ffdf6ada212:   6c 24 10 48 89 74 24 18 57 48 83 ec 20 48 8b 41
0x00007ffdf6ada222:   08 48 8b f1 4d 8b c8 8b ea 49 8b f8 8b 88 c0 01
0x00007ffdf6ada232:   00 00 48 8b 80 b0 01 00 00 49 d3 e9 4e 8b 0c c8
0x00007ffdf6ada242:   4d 3b 81 c8 00 00 00 72 12 32 c0 48 8b 6c 24 38
0x00007ffdf6ada252:   48 8b 74 24 40 48 83 c4 20 5f c3 48 89 5c 24 30
0x00007ffdf6ada262:   48 8b d7 48 8b 9e 98 00 00 00 48 8b cb 48 8b 03
0x00007ffdf6ada272:   ff 10 8b 4b 18 48 8b d7 48 2b 53 08 48 8b 43 20
0x00007ffdf6ada282:   48 c1 ea 03 48 d3 ea 48 8b ca 48 c1 e9 06 4c 8d
0x00007ffdf6ada292:   04 c8 0f b6 ca 49 8b 00 80 e1 3f ba 01 00 00 00
0x00007ffdf6ada2a2:   48 d3 e2 48 8b c8 48 0b ca 48 3b c8 74 12 f0 49
0x00007ffdf6ada2b2:   0f b1 08 74 25 48 8b c8 48 0b ca 48 3b c8 75 ee
0x00007ffdf6ada2c2:   32 db 48 8b 6c 24 38 0f b6 c3 48 8b 5c 24 30 48
0x00007ffdf6ada2d2:   8b 74 24 40 48 83 c4 20 5f c3 80 3d 2c 65 8b 00
0x00007ffdf6ada2e2:   00 b3 01 74 15 8b 57 08 8b 0d 08 a0 84 00 48 d3
0x00007ffdf6ada2f2:   e2 48 03 15 f6 9f 84 00 eb 04 48 8b 57 08 48 8b
0x00007ffdf6ada302:   cf e8 78 27 d3 ff 4c 63 d8 48 8b 86 08 03 00 00
0x00007ffdf6ada312:   4c 8b 04 e8 49 8b 40 18 8b 88 c0 01 00 00 48 8b
0x00007ffdf6ada322:   90 b8 01 00 00 48 d3 e2 8b 0d 20 6e 8b 00 48 2b
0x00007ffdf6ada332:   fa 41 8b 50 60 48 d3 ef 44 8b d7 49 23 d2 48 c1 


Stack slot to memory mapping:
stack at sp + 0 slots: 0x0000b76f1179cedf is an unknown value
stack at sp + 1 slots: 0x000000ecc2effcb0 points into unknown readable memory: 0x00007ffdf71629e8 | e8 29 16 f7 fd 7f 00 00
stack at sp + 2 slots: 0x0000000081b04e90 is an oop: [Ljava.lang.Object; 
{0x0000000081b04e90} - klass: 'java/lang/Object'[]
 - length: 5
stack at sp + 3 slots: 0x00007ffdf6ad9f8f jvm.dll
stack at sp + 4 slots: 0x0000000000000040 is an unknown value
stack at sp + 5 slots: 0x00007ffdf6ad9f8f jvm.dll
stack at sp + 6 slots: 0x000002e10954db30 points into unknown readable memory: 0x00007ffdf71629c8 | c8 29 16 f7 fd 7f 00 00
stack at sp + 7 slots: 0x000000ecc2effcb0 points into unknown readable memory: 0x00007ffdf71629e8 | e8 29 16 f7 fd 7f 00 00


---------------  P R O C E S S  ---------------

Threads class SMR info:
_java_thread_list=0x000002e125178e30, length=35, elements={
0x000002e1094dde80, 0x000002e123c08490, 0x000002e123c09110, 0x000002e123c39ae0,
0x000002e123c54000, 0x000002e123c578e0, 0x000002e123c581a0, 0x000002e123c58e40,
0x000002e123c59c00, 0x000002e123c5a500, 0x000002e123dbdb60, 0x000002e123f3c030,
0x000002e1256ead60, 0x000002e126568040, 0x000002e1257a7f70, 0x000002e126605990,
0x000002e1269f24e0, 0x000002e126902d70, 0x000002e126994b30, 0x000002e124c0e3e0,
0x000002e124c100c0, 0x000002e124c0e8b0, 0x000002e124c0ed80, 0x000002e124c0d0a0,
0x000002e124c0fbf0, 0x000002e124c10a60, 0x000002e124c0d570, 0x000002e124c10590,
0x000002e124c0da40, 0x000002e124c0f720, 0x000002e124c0df10, 0x000002e124c0f250,
0x000002e1266aea40, 0x000002e1266ae570, 0x000002e1266ae0a0
}

Java Threads: ( => current thread )
  0x000002e1094dde80 JavaThread "main" [_thread_blocked, id=14052, stack(0x000000ecc0a00000,0x000000ecc0b00000)]
  0x000002e123c08490 JavaThread "Reference Handler" daemon [_thread_blocked, id=12800, stack(0x000000ecc1100000,0x000000ecc1200000)]
  0x000002e123c09110 JavaThread "Finalizer" daemon [_thread_blocked, id=12200, stack(0x000000ecc1200000,0x000000ecc1300000)]
  0x000002e123c39ae0 JavaThread "Signal Dispatcher" daemon [_thread_blocked, id=6024, stack(0x000000ecc1300000,0x000000ecc1400000)]
  0x000002e123c54000 JavaThread "Attach Listener" daemon [_thread_blocked, id=7412, stack(0x000000ecc1400000,0x000000ecc1500000)]
  0x000002e123c578e0 JavaThread "Service Thread" daemon [_thread_blocked, id=10744, stack(0x000000ecc1500000,0x000000ecc1600000)]
  0x000002e123c581a0 JavaThread "Monitor Deflation Thread" daemon [_thread_blocked, id=4688, stack(0x000000ecc1600000,0x000000ecc1700000)]
  0x000002e123c58e40 JavaThread "C2 CompilerThread0" daemon [_thread_in_native, id=2840, stack(0x000000ecc1700000,0x000000ecc1800000)]
  0x000002e123c59c00 JavaThread "C1 CompilerThread0" daemon [_thread_blocked, id=5812, stack(0x000000ecc1800000,0x000000ecc1900000)]
  0x000002e123c5a500 JavaThread "Sweeper thread" daemon [_thread_blocked, id=15448, stack(0x000000ecc1900000,0x000000ecc1a00000)]
  0x000002e123dbdb60 JavaThread "Common-Cleaner" daemon [_thread_blocked, id=8684, stack(0x000000ecc1a00000,0x000000ecc1b00000)]
  0x000002e123f3c030 JavaThread "Notification Thread" daemon [_thread_blocked, id=15580, stack(0x000000ecc1b00000,0x000000ecc1c00000)]
  0x000002e1256ead60 JavaThread "Daemon health stats" [_thread_blocked, id=15480, stack(0x000000ecc2200000,0x000000ecc2300000)]
  0x000002e126568040 JavaThread "Incoming local TCP Connector on port 51240" [_thread_in_native, id=13484, stack(0x000000ecc1d00000,0x000000ecc1e00000)]
  0x000002e1257a7f70 JavaThread "Daemon periodic checks" [_thread_blocked, id=15628, stack(0x000000ecc2300000,0x000000ecc2400000)]
  0x000002e126605990 JavaThread "Daemon" [_thread_blocked, id=14636, stack(0x000000ecc2500000,0x000000ecc2600000)]
  0x000002e1269f24e0 JavaThread "Handler for socket connection from /127.0.0.1:51240 to /127.0.0.1:51241" [_thread_in_native, id=12560, stack(0x000000ecc2600000,0x000000ecc2700000)]
  0x000002e126902d70 JavaThread "Cancel handler" [_thread_blocked, id=3740, stack(0x000000ecc2700000,0x000000ecc2800000)]
  0x000002e126994b30 JavaThread "Daemon worker" [_thread_in_vm, id=15396, stack(0x000000ecc2800000,0x000000ecc2900000)]
  0x000002e124c0e3e0 JavaThread "Asynchronous log dispatcher for DefaultDaemonConnection: socket connection from /127.0.0.1:51240 to /127.0.0.1:51241" [_thread_blocked, id=4780, stack(0x000000ecc2900000,0x000000ecc2a00000)]
  0x000002e124c100c0 JavaThread "Stdin handler" [_thread_blocked, id=12928, stack(0x000000ecc2a00000,0x000000ecc2b00000)]
  0x000002e124c0e8b0 JavaThread "Daemon client event forwarder" [_thread_blocked, id=15040, stack(0x000000ecc2b00000,0x000000ecc2c00000)]
  0x000002e124c0ed80 JavaThread "Cache worker for journal cache (C:\Users\Nikita\.gradle\caches\journal-1)" [_thread_blocked, id=680, stack(0x000000ecc2f00000,0x000000ecc3000000)]
  0x000002e124c0d0a0 JavaThread "File lock request listener" [_thread_in_native, id=9496, stack(0x000000ecc3000000,0x000000ecc3100000)]
  0x000002e124c0fbf0 JavaThread "Cache worker for file hash cache (C:\Users\Nikita\.gradle\caches\8.1.1\fileHashes)" [_thread_blocked, id=12116, stack(0x000000ecc3200000,0x000000ecc3300000)]
  0x000002e124c10a60 JavaThread "File watcher server" daemon [_thread_in_native, id=9568, stack(0x000000ecc3300000,0x000000ecc3400000)]
  0x000002e124c0d570 JavaThread "File watcher consumer" daemon [_thread_blocked, id=14808, stack(0x000000ecc3400000,0x000000ecc3500000)]
  0x000002e124c10590 JavaThread "jar transforms" [_thread_blocked, id=15596, stack(0x000000ecc3100000,0x000000ecc3200000)]
  0x000002e124c0da40 JavaThread "jar transforms Thread 2" [_thread_blocked, id=4756, stack(0x000000ecc3500000,0x000000ecc3600000)]
  0x000002e124c0f720 JavaThread "jar transforms Thread 3" [_thread_blocked, id=2520, stack(0x000000ecc3600000,0x000000ecc3700000)]
  0x000002e124c0df10 JavaThread "jar transforms Thread 4" [_thread_blocked, id=16240, stack(0x000000ecc3700000,0x000000ecc3800000)]
  0x000002e124c0f250 JavaThread "jar transforms Thread 5" [_thread_blocked, id=15992, stack(0x000000ecc3800000,0x000000ecc3900000)]
  0x000002e1266aea40 JavaThread "jar transforms Thread 6" [_thread_blocked, id=12224, stack(0x000000ecc3900000,0x000000ecc3a00000)]
  0x000002e1266ae570 JavaThread "jar transforms Thread 7" [_thread_blocked, id=10748, stack(0x000000ecc3a00000,0x000000ecc3b00000)]
  0x000002e1266ae0a0 JavaThread "jar transforms Thread 8" [_thread_blocked, id=5620, stack(0x000000ecc3b00000,0x000000ecc3c00000)]

Other Threads:
  0x000002e123355d50 VMThread "VM Thread" [stack: 0x000000ecc1000000,0x000000ecc1100000] [id=892]
  0x000002e109552750 WatcherThread [stack: 0x000000ecc1c00000,0x000000ecc1d00000] [id=15460]
  0x000002e10953aa80 GCTaskThread "GC Thread#0" [stack: 0x000000ecc0b00000,0x000000ecc0c00000] [id=12020]
  0x000002e124eac8a0 GCTaskThread "GC Thread#1" [stack: 0x000000ecc1e00000,0x000000ecc1f00000] [id=15616]
  0x000002e1248c1800 GCTaskThread "GC Thread#2" [stack: 0x000000ecc1f00000,0x000000ecc2000000] [id=8188]
  0x000002e1241f1c80 GCTaskThread "GC Thread#3" [stack: 0x000000ecc2000000,0x000000ecc2100000] [id=14984]
  0x000002e1252ace70 GCTaskThread "GC Thread#4" [stack: 0x000000ecc2100000,0x000000ecc2200000] [id=4484]
  0x000002e12698f440 GCTaskThread "GC Thread#5" [stack: 0x000000ecc2400000,0x000000ecc2500000] [id=15564]
  0x000002e1257a7ac0 GCTaskThread "GC Thread#6" [stack: 0x000000ecc2c00000,0x000000ecc2d00000] [id=3412]
  0x000002e126cca670 GCTaskThread "GC Thread#7" [stack: 0x000000ecc2d00000,0x000000ecc2e00000] [id=164]
  0x000002e10954b8d0 ConcurrentGCThread "G1 Main Marker" [stack: 0x000000ecc0c00000,0x000000ecc0d00000] [id=14380]
  0x000002e10954c1f0 ConcurrentGCThread "G1 Conc#0" [stack: 0x000000ecc0d00000,0x000000ecc0e00000] [id=10404]
=>0x000002e12673eb20 ConcurrentGCThread "G1 Conc#1" [stack: 0x000000ecc2e00000,0x000000ecc2f00000] [id=16008]
  0x000002e1231ab1c0 ConcurrentGCThread "G1 Refine#0" [stack: 0x000000ecc0e00000,0x000000ecc0f00000] [id=9000]
  0x000002e1231ab9f0 ConcurrentGCThread "G1 Service" [stack: 0x000000ecc0f00000,0x000000ecc1000000] [id=15368]

Threads with active compile tasks:
C2 CompilerThread0     6264 2808       4       java.util.zip.ZipFile$Source::initCEN (591 bytes)

VM state: not at safepoint (normal execution)

VM Mutex/Monitor currently owned by a thread: None

Heap address: 0x0000000080000000, size: 2048 MB, Compressed Oops mode: 32-bit

CDS archive(s) not mapped
Compressed class space mapped at: 0x0000000100000000-0x0000000140000000, reserved size: 1073741824
Narrow klass base: 0x0000000000000000, Narrow klass shift: 3, Narrow klass range: 0x140000000

GC Precious Log:
 CPUs: 8 total, 8 available
 Memory: 7103M
 Large Page Support: Disabled
 NUMA Support: Disabled
 Compressed Oops: Enabled (32-bit)
 Heap Region Size: 1M
 Heap Min Capacity: 8M
 Heap Initial Capacity: 112M
 Heap Max Capacity: 2G
 Pre-touch: Disabled
 Parallel Workers: 8
 Concurrent Workers: 2
 Concurrent Refinement Workers: 8
 Periodic GC: Disabled

Heap:
 garbage-first heap   total 82944K, used 47896K [0x0000000080000000, 0x0000000100000000)
  region size 1024K, 4 young (4096K), 1 survivors (1024K)
 Metaspace       used 30126K, committed 30464K, reserved 1081344K
  class space    used 4095K, committed 4224K, reserved 1048576K

Heap Regions: E=young(eden), S=young(survivor), O=old, HS=humongous(starts), HC=humongous(continues), CS=collection set, F=free, OA=open archive, CA=closed archive, TAMS=top-at-mark-start (previous, next)
|   0|0x0000000080000000, 0x0000000080100000, 0x0000000080100000|100%|HS|  |TAMS 0x0000000080100000, 0x0000000080100000| Complete 
|   1|0x0000000080100000, 0x0000000080200000, 0x0000000080200000|100%|HC|  |TAMS 0x0000000080200000, 0x0000000080200000| Complete 
|   2|0x0000000080200000, 0x0000000080300000, 0x0000000080300000|100%|HC|  |TAMS 0x0000000080300000, 0x0000000080300000| Complete 
|   3|0x0000000080300000, 0x0000000080400000, 0x0000000080400000|100%|HC|  |TAMS 0x0000000080400000, 0x0000000080400000| Complete 
|   4|0x0000000080400000, 0x0000000080500000, 0x0000000080500000|100%| O|  |TAMS 0x0000000080500000, 0x0000000080500000| Untracked 
|   5|0x0000000080500000, 0x0000000080600000, 0x0000000080600000|100%| O|  |TAMS 0x0000000080600000, 0x0000000080600000| Untracked 
|   6|0x0000000080600000, 0x0000000080700000, 0x0000000080700000|100%| O|  |TAMS 0x0000000080700000, 0x0000000080700000| Untracked 
|   7|0x0000000080700000, 0x0000000080800000, 0x0000000080800000|100%| O|  |TAMS 0x0000000080800000, 0x0000000080800000| Untracked 
|   8|0x0000000080800000, 0x0000000080900000, 0x0000000080900000|100%| O|  |TAMS 0x0000000080900000, 0x0000000080900000| Untracked 
|   9|0x0000000080900000, 0x0000000080a00000, 0x0000000080a00000|100%| O|  |TAMS 0x0000000080a00000, 0x0000000080a00000| Untracked 
|  10|0x0000000080a00000, 0x0000000080a54c00, 0x0000000080b00000| 33%| O|  |TAMS 0x0000000080a54c00, 0x0000000080a54c00| Untracked 
|  11|0x0000000080b00000, 0x0000000080c00000, 0x0000000080c00000|100%| O|  |TAMS 0x0000000080b00000, 0x0000000080c00000| Untracked 
|  12|0x0000000080c00000, 0x0000000080d00000, 0x0000000080d00000|100%| O|  |TAMS 0x0000000080c00000, 0x0000000080d00000| Untracked 
|  13|0x0000000080d00000, 0x0000000080e00000, 0x0000000080e00000|100%| O|  |TAMS 0x0000000080d00000, 0x0000000080e00000| Untracked 
|  14|0x0000000080e00000, 0x0000000080f00000, 0x0000000080f00000|100%| O|  |TAMS 0x0000000080e00000, 0x0000000080f00000| Untracked 
|  15|0x0000000080f00000, 0x0000000081000000, 0x0000000081000000|100%| O|  |TAMS 0x0000000080f00000, 0x0000000081000000| Untracked 
|  16|0x0000000081000000, 0x0000000081100000, 0x0000000081100000|100%| O|  |TAMS 0x0000000081000000, 0x0000000081100000| Untracked 
|  17|0x0000000081100000, 0x0000000081200000, 0x0000000081200000|100%| O|  |TAMS 0x0000000081100000, 0x0000000081200000| Untracked 
|  18|0x0000000081200000, 0x0000000081300000, 0x0000000081300000|100%| O|  |TAMS 0x0000000081200000, 0x0000000081300000| Untracked 
|  19|0x0000000081300000, 0x0000000081400000, 0x0000000081400000|100%|HS|  |TAMS 0x0000000081300000, 0x0000000081400000| Complete 
|  20|0x0000000081400000, 0x0000000081500000, 0x0000000081500000|100%|HC|  |TAMS 0x0000000081400000, 0x0000000081500000| Complete 
|  21|0x0000000081500000, 0x0000000081600000, 0x0000000081600000|100%|HS|  |TAMS 0x0000000081500000, 0x0000000081600000| Complete 
|  22|0x0000000081600000, 0x0000000081700000, 0x0000000081700000|100%|HC|  |TAMS 0x0000000081600000, 0x0000000081700000| Complete 
|  23|0x0000000081700000, 0x0000000081800000, 0x0000000081800000|100%|HC|  |TAMS 0x0000000081700000, 0x0000000081800000| Complete 
|  24|0x0000000081800000, 0x0000000081900000, 0x0000000081900000|100%|HS|  |TAMS 0x0000000081800000, 0x0000000081900000| Complete 
|  25|0x0000000081900000, 0x0000000081a00000, 0x0000000081a00000|100%|HC|  |TAMS 0x0000000081900000, 0x0000000081a00000| Complete 
|  26|0x0000000081a00000, 0x0000000081b00000, 0x0000000081b00000|100%|HC|  |TAMS 0x0000000081a00000, 0x0000000081b00000| Complete 
|  27|0x0000000081b00000, 0x0000000081c00000, 0x0000000081c00000|100%| O|  |TAMS 0x0000000081b00000, 0x0000000081c00000| Untracked 
|  28|0x0000000081c00000, 0x0000000081d00000, 0x0000000081d00000|100%| O|  |TAMS 0x0000000081c00000, 0x0000000081c81200| Untracked 
|  29|0x0000000081d00000, 0x0000000081e00000, 0x0000000081e00000|100%|HS|  |TAMS 0x0000000081d00000, 0x0000000081e00000| Complete 
|  30|0x0000000081e00000, 0x0000000081f00000, 0x0000000081f00000|100%|HC|  |TAMS 0x0000000081e00000, 0x0000000081f00000| Complete 
|  31|0x0000000081f00000, 0x0000000082000000, 0x0000000082000000|100%|HC|  |TAMS 0x0000000081f00000, 0x0000000082000000| Complete 
|  32|0x0000000082000000, 0x0000000082100000, 0x0000000082100000|100%|HC|  |TAMS 0x0000000082000000, 0x0000000082100000| Complete 
|  33|0x0000000082100000, 0x0000000082200000, 0x0000000082200000|100%|HC|  |TAMS 0x0000000082100000, 0x0000000082200000| Complete 
|  34|0x0000000082200000, 0x0000000082300000, 0x0000000082300000|100%|HC|  |TAMS 0x0000000082200000, 0x0000000082300000| Complete 
|  35|0x0000000082300000, 0x0000000082400000, 0x0000000082400000|100%|HC|  |TAMS 0x0000000082300000, 0x0000000082400000| Complete 
|  36|0x0000000082400000, 0x0000000082500000, 0x0000000082500000|100%|HC|  |TAMS 0x0000000082400000, 0x0000000082500000| Complete 
|  37|0x0000000082500000, 0x0000000082600000, 0x0000000082600000|100%|HC|  |TAMS 0x0000000082500000, 0x0000000082600000| Complete 
|  38|0x0000000082600000, 0x0000000082700000, 0x0000000082700000|100%|HC|  |TAMS 0x0000000082600000, 0x0000000082700000| Complete 
|  39|0x0000000082700000, 0x0000000082800000, 0x0000000082800000|100%|HC|  |TAMS 0x0000000082700000, 0x0000000082800000| Complete 
|  40|0x0000000082800000, 0x0000000082900000, 0x0000000082900000|100%|HC|  |TAMS 0x0000000082800000, 0x0000000082900000| Complete 
|  41|0x0000000082900000, 0x0000000082a00000, 0x0000000082a00000|100%| O|  |TAMS 0x0000000082900000, 0x0000000082900000| Untracked 
|  42|0x0000000082a00000, 0x0000000082b00000, 0x0000000082b00000|100%| O|  |TAMS 0x0000000082a00000, 0x0000000082a00000| Untracked 
|  43|0x0000000082b00000, 0x0000000082c00000, 0x0000000082c00000|100%| O|  |TAMS 0x0000000082b00000, 0x0000000082b00000| Untracked 
|  44|0x0000000082c00000, 0x0000000082c56800, 0x0000000082d00000| 33%| O|  |TAMS 0x0000000082c00000, 0x0000000082c00000| Untracked 
|  45|0x0000000082d00000, 0x0000000082e00000, 0x0000000082e00000|100%|HS|  |TAMS 0x0000000082d00000, 0x0000000082d00000| Complete 
|  46|0x0000000082e00000, 0x0000000082f00000, 0x0000000082f00000|100%|HC|  |TAMS 0x0000000082e00000, 0x0000000082e00000| Complete 
|  47|0x0000000082f00000, 0x0000000082f00000, 0x0000000083000000|  0%| F|  |TAMS 0x0000000082f00000, 0x0000000082f00000| Untracked 
|  48|0x0000000083000000, 0x0000000083000000, 0x0000000083100000|  0%| F|  |TAMS 0x0000000083000000, 0x0000000083000000| Untracked 
|  49|0x0000000083100000, 0x0000000083100000, 0x0000000083200000|  0%| F|  |TAMS 0x0000000083100000, 0x0000000083100000| Untracked 
|  50|0x0000000083200000, 0x0000000083200000, 0x0000000083300000|  0%| F|  |TAMS 0x0000000083200000, 0x0000000083200000| Untracked 
|  51|0x0000000083300000, 0x0000000083300000, 0x0000000083400000|  0%| F|  |TAMS 0x0000000083300000, 0x0000000083300000| Untracked 
|  52|0x0000000083400000, 0x0000000083400000, 0x0000000083500000|  0%| F|  |TAMS 0x0000000083400000, 0x0000000083400000| Untracked 
|  53|0x0000000083500000, 0x0000000083500000, 0x0000000083600000|  0%| F|  |TAMS 0x0000000083500000, 0x0000000083500000| Untracked 
|  54|0x0000000083600000, 0x0000000083600000, 0x0000000083700000|  0%| F|  |TAMS 0x0000000083600000, 0x0000000083600000| Untracked 
|  55|0x0000000083700000, 0x0000000083700000, 0x0000000083800000|  0%| F|  |TAMS 0x0000000083700000, 0x0000000083700000| Untracked 
|  56|0x0000000083800000, 0x0000000083800000, 0x0000000083900000|  0%| F|  |TAMS 0x0000000083800000, 0x0000000083800000| Untracked 
|  57|0x0000000083900000, 0x0000000083900000, 0x0000000083a00000|  0%| F|  |TAMS 0x0000000083900000, 0x0000000083900000| Untracked 
|  58|0x0000000083a00000, 0x0000000083a00000, 0x0000000083b00000|  0%| F|  |TAMS 0x0000000083a00000, 0x0000000083a00000| Untracked 
|  59|0x0000000083b00000, 0x0000000083b00000, 0x0000000083c00000|  0%| F|  |TAMS 0x0000000083b00000, 0x0000000083b00000| Untracked 
|  60|0x0000000083c00000, 0x0000000083c00000, 0x0000000083d00000|  0%| F|  |TAMS 0x0000000083c00000, 0x0000000083c00000| Untracked 
|  61|0x0000000083d00000, 0x0000000083d00000, 0x0000000083e00000|  0%| F|  |TAMS 0x0000000083d00000, 0x0000000083d00000| Untracked 
|  62|0x0000000083e00000, 0x0000000083e00000, 0x0000000083f00000|  0%| F|  |TAMS 0x0000000083e00000, 0x0000000083e00000| Untracked 
|  63|0x0000000083f00000, 0x0000000083f00000, 0x0000000084000000|  0%| F|  |TAMS 0x0000000083f00000, 0x0000000083f00000| Untracked 
|  64|0x0000000084000000, 0x0000000084000000, 0x0000000084100000|  0%| F|  |TAMS 0x0000000084000000, 0x0000000084000000| Untracked 
|  65|0x0000000084100000, 0x000000008411ae40, 0x0000000084200000| 10%| S|CS|TAMS 0x0000000084100000, 0x0000000084100000| Complete 
|  66|0x0000000084200000, 0x0000000084200000, 0x0000000084300000|  0%| F|  |TAMS 0x0000000084200000, 0x0000000084200000| Untracked 
|  67|0x0000000084300000, 0x0000000084300000, 0x0000000084400000|  0%| F|  |TAMS 0x0000000084300000, 0x0000000084300000| Untracked 
|  68|0x0000000084400000, 0x0000000084400000, 0x0000000084500000|  0%| F|  |TAMS 0x0000000084400000, 0x0000000084400000| Untracked 
|  69|0x0000000084500000, 0x0000000084500000, 0x0000000084600000|  0%| F|  |TAMS 0x0000000084500000, 0x0000000084500000| Untracked 
|  70|0x0000000084600000, 0x0000000084600000, 0x0000000084700000|  0%| F|  |TAMS 0x0000000084600000, 0x0000000084600000| Untracked 
|  71|0x0000000084700000, 0x0000000084700000, 0x0000000084800000|  0%| F|  |TAMS 0x0000000084700000, 0x0000000084700000| Untracked 
|  72|0x0000000084800000, 0x0000000084800000, 0x0000000084900000|  0%| F|  |TAMS 0x0000000084800000, 0x0000000084800000| Untracked 
|  73|0x0000000084900000, 0x0000000084900000, 0x0000000084a00000|  0%| F|  |TAMS 0x0000000084900000, 0x0000000084900000| Untracked 
|  74|0x0000000084a00000, 0x0000000084a00000, 0x0000000084b00000|  0%| F|  |TAMS 0x0000000084a00000, 0x0000000084a00000| Untracked 
|  75|0x0000000084b00000, 0x0000000084b00000, 0x0000000084c00000|  0%| F|  |TAMS 0x0000000084b00000, 0x0000000084b00000| Untracked 
|  76|0x0000000084c00000, 0x0000000084c00000, 0x0000000084d00000|  0%| F|  |TAMS 0x0000000084c00000, 0x0000000084c00000| Untracked 
|  77|0x0000000084d00000, 0x0000000084d00000, 0x0000000084e00000|  0%| F|  |TAMS 0x0000000084d00000, 0x0000000084d00000| Untracked 
|  78|0x0000000084e00000, 0x0000000084f00000, 0x0000000084f00000|100%| E|  |TAMS 0x0000000084e00000, 0x0000000084e00000| Complete 
|  79|0x0000000084f00000, 0x0000000085000000, 0x0000000085000000|100%| E|  |TAMS 0x0000000084f00000, 0x0000000084f00000| Complete 
| 111|0x0000000086f00000, 0x0000000087000000, 0x0000000087000000|100%| E|CS|TAMS 0x0000000086f00000, 0x0000000086f00000| Complete 

Card table byte_map: [0x000002e11c0e0000,0x000002e11c4e0000] _byte_map_base: 0x000002e11bce0000

Marking Bits (Prev, Next): (CMBitMap*) 0x000002e10953afe0, (CMBitMap*) 0x000002e10953afa0
 Prev Bits: [0x000002e11e8e0000, 0x000002e1208e0000)
 Next Bits: [0x000002e11c8e0000, 0x000002e11e8e0000)

Polling page: 0x000002e107420000

Metaspace:

Usage:
  Non-class:     25.42 MB used.
      Class:      4.00 MB used.
       Both:     29.42 MB used.

Virtual space:
  Non-class space:       32.00 MB reserved,      25.62 MB ( 80%) committed,  4 nodes.
      Class space:        1.00 GB reserved,       4.12 MB ( <1%) committed,  1 nodes.
             Both:        1.03 GB reserved,      29.75 MB (  3%) committed. 

Chunk freelists:
   Non-Class:  2.38 MB
       Class:  3.76 MB
        Both:  6.14 MB

MaxMetaspaceSize: unlimited
CompressedClassSpaceSize: 1.00 GB
Initial GC threshold: 21.00 MB
Current GC threshold: 35.25 MB
CDS: off
MetaspaceReclaimPolicy: balanced
 - commit_granule_bytes: 65536.
 - commit_granule_words: 8192.
 - virtual_space_node_default_size: 1048576.
 - enlarge_chunks_in_place: 1.
 - new_chunks_are_fully_committed: 0.
 - uncommit_free_chunks: 1.
 - use_allocation_guard: 0.
 - handle_deallocations: 1.


Internal statistics:

num_allocs_failed_limit: 3.
num_arena_births: 322.
num_arena_deaths: 0.
num_vsnodes_births: 5.
num_vsnodes_deaths: 0.
num_space_committed: 476.
num_space_uncommitted: 0.
num_chunks_returned_to_freelist: 3.
num_chunks_taken_from_freelist: 1123.
num_chunk_merges: 3.
num_chunk_splits: 727.
num_chunks_enlarged: 495.
num_purges: 0.
num_inconsistent_stats: 0.

CodeHeap 'non-profiled nmethods': size=120000Kb used=1564Kb max_used=1564Kb free=118435Kb
 bounds [0x000002e114470000, 0x000002e1146e0000, 0x000002e11b9a0000]
CodeHeap 'profiled nmethods': size=120000Kb used=5773Kb max_used=5773Kb free=114227Kb
 bounds [0x000002e10c9a0000, 0x000002e10cf50000, 0x000002e113ed0000]
CodeHeap 'non-nmethods': size=5760Kb used=1233Kb max_used=1275Kb free=4526Kb
 bounds [0x000002e113ed0000, 0x000002e114140000, 0x000002e114470000]
 total_blobs=3384 nmethods=2843 adapters=453
 compilation: enabled
              stopped_count=0, restarted_count=0
 full_count=0

Compilation events (20 events):
Event: 6.081 Thread 0x000002e123c59c00 nmethod 2800 0x000002e10cf2f190 code [0x000002e10cf2f340, 0x000002e10cf2f638]
Event: 6.082 Thread 0x000002e123c59c00 2801       3       java.io.ObjectInputStream$BlockDataInputStream::read (62 bytes)
Event: 6.082 Thread 0x000002e123c59c00 nmethod 2801 0x000002e10cf2f790 code [0x000002e10cf2f960, 0x000002e10cf2fc58]
Event: 6.082 Thread 0x000002e123c59c00 2802       3       sun.nio.fs.WindowsPath::checkRead (17 bytes)
Event: 6.083 Thread 0x000002e123c59c00 nmethod 2802 0x000002e10cf2fd90 code [0x000002e10cf2ff40, 0x000002e10cf302c8]
Event: 6.085 Thread 0x000002e123c59c00 2803       3       java.nio.file.Files::readAttributes (11 bytes)
Event: 6.085 Thread 0x000002e123c59c00 nmethod 2803 0x000002e10cf30410 code [0x000002e10cf305c0, 0x000002e10cf30838]
Event: 6.085 Thread 0x000002e123c59c00 2804       3       sun.nio.fs.WindowsFileSystemProvider::readAttributes (63 bytes)
Event: 6.091 Thread 0x000002e123c59c00 nmethod 2804 0x000002e10cf30a10 code [0x000002e10cf30c80, 0x000002e10cf31798]
Event: 6.091 Thread 0x000002e123c59c00 2805       3       sun.nio.fs.WindowsFileSystemProvider::getFileAttributeView (118 bytes)
Event: 6.092 Thread 0x000002e123c59c00 nmethod 2805 0x000002e10cf31b90 code [0x000002e10cf31ea0, 0x000002e10cf33048]
Event: 6.092 Thread 0x000002e123c59c00 2806       3       sun.nio.fs.WindowsFileAttributeViews$Basic::readAttributes (5 bytes)
Event: 6.093 Thread 0x000002e123c59c00 nmethod 2806 0x000002e10cf33590 code [0x000002e10cf337a0, 0x000002e10cf33de8]
Event: 6.093 Thread 0x000002e123c59c00 2807   !   3       sun.nio.fs.WindowsFileAttributeViews$Basic::readAttributes (30 bytes)
Event: 6.094 Thread 0x000002e123c59c00 nmethod 2807 0x000002e10cf34010 code [0x000002e10cf34200, 0x000002e10cf347c8]
Event: 6.099 Thread 0x000002e126c81e40 nmethod 2787% 0x000002e1145ed110 code [0x000002e1145ed380, 0x000002e1145eeab8]
Event: 6.100 Thread 0x000002e126c81e40 2788       4       java.security.CodeSource::getCertificates (98 bytes)
Event: 6.100 Thread 0x000002e126c81e40 nmethod 2788 0x000002e1145ef590 code [0x000002e1145ef700, 0x000002e1145ef7b8]
Event: 6.138 Thread 0x000002e123c58e40 nmethod 2747% 0x000002e1145ef890 code [0x000002e1145efba0, 0x000002e1145f3000]
Event: 6.191 Thread 0x000002e123c58e40 2808       4       java.util.zip.ZipFile$Source::initCEN (591 bytes)

GC Heap History (14 events):
Event: 0.827 GC heap before
{Heap before GC invocations=0 (full 0):
 garbage-first heap   total 114688K, used 26624K [0x0000000080000000, 0x0000000100000000)
  region size 1024K, 23 young (23552K), 0 survivors (0K)
 Metaspace       used 10461K, committed 10688K, reserved 1064960K
  class space    used 1088K, committed 1216K, reserved 1048576K
}
Event: 0.835 GC heap after
{Heap after GC invocations=1 (full 0):
 garbage-first heap   total 114688K, used 10436K [0x0000000080000000, 0x0000000100000000)
  region size 1024K, 3 young (3072K), 3 survivors (3072K)
 Metaspace       used 10461K, committed 10688K, reserved 1064960K
  class space    used 1088K, committed 1216K, reserved 1048576K
}
Event: 1.280 GC heap before
{Heap before GC invocations=1 (full 0):
 garbage-first heap   total 114688K, used 36036K [0x0000000080000000, 0x0000000100000000)
  region size 1024K, 29 young (29696K), 3 survivors (3072K)
 Metaspace       used 11425K, committed 11648K, reserved 1064960K
  class space    used 1193K, committed 1280K, reserved 1048576K
}
Event: 1.285 GC heap after
{Heap after GC invocations=2 (full 0):
 garbage-first heap   total 114688K, used 12045K [0x0000000080000000, 0x0000000100000000)
  region size 1024K, 2 young (2048K), 2 survivors (2048K)
 Metaspace       used 11425K, committed 11648K, reserved 1064960K
  class space    used 1193K, committed 1280K, reserved 1048576K
}
Event: 2.585 GC heap before
{Heap before GC invocations=2 (full 0):
 garbage-first heap   total 114688K, used 58125K [0x0000000080000000, 0x0000000100000000)
  region size 1024K, 47 young (48128K), 2 survivors (2048K)
 Metaspace       used 21302K, committed 21504K, reserved 1073152K
  class space    used 2560K, committed 2688K, reserved 1048576K
}
Event: 2.594 GC heap after
{Heap after GC invocations=3 (full 0):
 garbage-first heap   total 114688K, used 18675K [0x0000000080000000, 0x0000000100000000)
  region size 1024K, 8 young (8192K), 8 survivors (8192K)
 Metaspace       used 21302K, committed 21504K, reserved 1073152K
  class space    used 2560K, committed 2688K, reserved 1048576K
}
Event: 3.310 GC heap before
{Heap before GC invocations=4 (full 0):
 garbage-first heap   total 68608K, used 51443K [0x0000000080000000, 0x0000000100000000)
  region size 1024K, 40 young (40960K), 8 survivors (8192K)
 Metaspace       used 25893K, committed 26176K, reserved 1073152K
  class space    used 3372K, committed 3520K, reserved 1048576K
}
Event: 3.318 GC heap after
{Heap after GC invocations=5 (full 0):
 garbage-first heap   total 68608K, used 20768K [0x0000000080000000, 0x0000000100000000)
  region size 1024K, 3 young (3072K), 3 survivors (3072K)
 Metaspace       used 25893K, committed 26176K, reserved 1073152K
  class space    used 3372K, committed 3520K, reserved 1048576K
}
Event: 5.962 GC heap before
{Heap before GC invocations=5 (full 0):
 garbage-first heap   total 68608K, used 52512K [0x0000000080000000, 0x0000000100000000)
  region size 1024K, 30 young (30720K), 3 survivors (3072K)
 Metaspace       used 29816K, committed 30144K, reserved 1081344K
  class space    used 4041K, committed 4160K, reserved 1048576K
}
Event: 5.967 GC heap after
{Heap after GC invocations=6 (full 0):
 garbage-first heap   total 68608K, used 27524K [0x0000000080000000, 0x0000000100000000)
  region size 1024K, 4 young (4096K), 4 survivors (4096K)
 Metaspace       used 29816K, committed 30144K, reserved 1081344K
  class space    used 4041K, committed 4160K, reserved 1048576K
}
Event: 6.086 GC heap before
{Heap before GC invocations=6 (full 0):
 garbage-first heap   total 68608K, used 32644K [0x0000000080000000, 0x0000000100000000)
  region size 1024K, 8 young (8192K), 4 survivors (4096K)
 Metaspace       used 29997K, committed 30336K, reserved 1081344K
  class space    used 4074K, committed 4224K, reserved 1048576K
}
Event: 6.090 GC heap after
{Heap after GC invocations=7 (full 0):
 garbage-first heap   total 68608K, used 32428K [0x0000000080000000, 0x0000000100000000)
  region size 1024K, 4 young (4096K), 4 survivors (4096K)
 Metaspace       used 29997K, committed 30336K, reserved 1081344K
  class space    used 4074K, committed 4224K, reserved 1048576K
}
Event: 6.188 GC heap before
{Heap before GC invocations=7 (full 0):
 garbage-first heap   total 68608K, used 44716K [0x0000000080000000, 0x0000000100000000)
  region size 1024K, 5 young (5120K), 4 survivors (4096K)
 Metaspace       used 29999K, committed 30336K, reserved 1081344K
  class space    used 4074K, committed 4224K, reserved 1048576K
}
Event: 6.191 GC heap after
{Heap after GC invocations=8 (full 0):
 garbage-first heap   total 82944K, used 44824K [0x0000000080000000, 0x0000000100000000)
  region size 1024K, 1 young (1024K), 1 survivors (1024K)
 Metaspace       used 29999K, committed 30336K, reserved 1081344K
  class space    used 4074K, committed 4224K, reserved 1048576K
}

Dll operation events (3 events):
Event: 0.010 Loaded shared library C:\Program Files\Android\Android Studio\jbr\bin\java.dll
Event: 0.168 Loaded shared library C:\Program Files\Android\Android Studio\jbr\bin\zip.dll
Event: 0.496 Loaded shared library C:\Program Files\Android\Android Studio\jbr\bin\verify.dll

Deoptimization events (20 events):
Event: 5.922 Thread 0x000002e126994b30 DEOPT PACKING pc=0x000002e1145a033c sp=0x000000ecc28fa4a0
Event: 5.923 Thread 0x000002e126994b30 DEOPT UNPACKING pc=0x000002e113f269a3 sp=0x000000ecc28fa4c0 mode 2
Event: 5.923 Thread 0x000002e126994b30 Uncommon trap: trap_request=0xffffffc6 fr.pc=0x000002e1145a033c relative=0x0000000000004a9c
Event: 5.923 Thread 0x000002e126994b30 Uncommon trap: reason=bimorphic_or_optimized_type_check action=maybe_recompile pc=0x000002e1145a033c method=java.lang.ClassLoader.loadClass(Ljava/lang/String;Z)Ljava/lang/Class; @ 38 c2
Event: 5.923 Thread 0x000002e126994b30 DEOPT PACKING pc=0x000002e1145a033c sp=0x000000ecc28fa6e0
Event: 5.923 Thread 0x000002e126994b30 DEOPT UNPACKING pc=0x000002e113f269a3 sp=0x000000ecc28fa700 mode 2
Event: 5.923 Thread 0x000002e126994b30 Uncommon trap: trap_request=0xffffffc6 fr.pc=0x000002e1145a033c relative=0x0000000000004a9c
Event: 5.923 Thread 0x000002e126994b30 Uncommon trap: reason=bimorphic_or_optimized_type_check action=maybe_recompile pc=0x000002e1145a033c method=java.lang.ClassLoader.loadClass(Ljava/lang/String;Z)Ljava/lang/Class; @ 38 c2
Event: 5.923 Thread 0x000002e126994b30 DEOPT PACKING pc=0x000002e1145a033c sp=0x000000ecc28fb820
Event: 5.923 Thread 0x000002e126994b30 DEOPT UNPACKING pc=0x000002e113f269a3 sp=0x000000ecc28fb840 mode 2
Event: 5.925 Thread 0x000002e126994b30 Uncommon trap: trap_request=0xffffff45 fr.pc=0x000002e1145b4798 relative=0x0000000000005e18
Event: 5.925 Thread 0x000002e126994b30 Uncommon trap: reason=unstable_if action=reinterpret pc=0x000002e1145b4798 method=java.net.URLClassLoader.getAndVerifyPackage(Ljava/lang/String;Ljava/util/jar/Manifest;Ljava/net/URL;)Ljava/lang/Package; @ 62 c2
Event: 5.925 Thread 0x000002e126994b30 DEOPT PACKING pc=0x000002e1145b4798 sp=0x000000ecc28fbb00
Event: 5.925 Thread 0x000002e126994b30 DEOPT UNPACKING pc=0x000002e113f269a3 sp=0x000000ecc28fb888 mode 2
Event: 5.929 Thread 0x000002e126994b30 Uncommon trap: trap_request=0xffffff45 fr.pc=0x000002e1145d3bac relative=0x0000000000005b4c
Event: 5.929 Thread 0x000002e126994b30 Uncommon trap: reason=unstable_if action=reinterpret pc=0x000002e1145d3bac method=java.net.URLClassLoader.getAndVerifyPackage(Ljava/lang/String;Ljava/util/jar/Manifest;Ljava/net/URL;)Ljava/lang/Package; @ 62 c2
Event: 5.929 Thread 0x000002e126994b30 DEOPT PACKING pc=0x000002e1145d3bac sp=0x000000ecc28fb3b0
Event: 5.929 Thread 0x000002e126994b30 DEOPT UNPACKING pc=0x000002e113f269a3 sp=0x000000ecc28fb270 mode 2
Event: 5.967 Thread 0x000002e126994b30 DEOPT PACKING pc=0x000002e10ca701bd sp=0x000000ecc28fad20
Event: 5.967 Thread 0x000002e126994b30 DEOPT UNPACKING pc=0x000002e113f27143 sp=0x000000ecc28fa1b8 mode 0

Classes unloaded (0 events):
No events

Classes redefined (0 events):
No events

Internal exceptions (20 events):
Event: 3.809 Thread 0x000002e126994b30 Exception <a 'java/lang/NoSuchMethodError'{0x0000000082e8d830}: 'int java.lang.invoke.DirectMethodHandle$Holder.invokeVirtual(java.lang.Object, java.lang.Object, java.lang.Object)'> (0x0000000082e8d830) 
thrown [s\src\hotspot\share\interpreter\linkResolver.cpp, line 771]
Event: 3.856 Thread 0x000002e126994b30 Exception <a 'java/lang/NoSuchMethodError'{0x0000000082c51e78}: 'int java.lang.invoke.DirectMethodHandle$Holder.invokeStaticInit(java.lang.Object, java.lang.Object, java.lang.Object)'> (0x0000000082c51e78) 
thrown [s\src\hotspot\share\interpreter\linkResolver.cpp, line 771]
Event: 3.858 Thread 0x000002e126994b30 Exception <a 'java/lang/NoSuchMethodError'{0x0000000082c66ff0}: 'java.lang.Object java.lang.invoke.DirectMethodHandle$Holder.newInvokeSpecial(java.lang.Object, java.lang.Object, long)'> (0x0000000082c66ff0) 
thrown [s\src\hotspot\share\interpreter\linkResolver.cpp, line 771]
Event: 3.859 Thread 0x000002e126994b30 Exception <a 'java/lang/NoSuchMethodError'{0x0000000082c6b358}: 'java.lang.Object java.lang.invoke.Invokers$Holder.linkToTargetMethod(java.lang.Object, long, java.lang.Object)'> (0x0000000082c6b358) 
thrown [s\src\hotspot\share\interpreter\linkResolver.cpp, line 771]
Event: 4.075 Thread 0x000002e126994b30 Exception <a 'java/lang/NoSuchMethodError'{0x0000000082a11928}: 'int java.lang.invoke.DirectMethodHandle$Holder.invokeInterface(java.lang.Object, java.lang.Object)'> (0x0000000082a11928) 
thrown [s\src\hotspot\share\interpreter\linkResolver.cpp, line 771]
Event: 4.081 Thread 0x000002e126994b30 Exception <a 'java/lang/NoSuchMethodError'{0x0000000082a41fe0}: 'java.lang.Object java.lang.invoke.DirectMethodHandle$Holder.invokeStatic(java.lang.Object, java.lang.Object, int, java.lang.Object)'> (0x0000000082a41fe0) 
thrown [s\src\hotspot\share\interpreter\linkResolver.cpp, line 771]
Event: 4.081 Thread 0x000002e126994b30 Exception <a 'java/lang/NoSuchMethodError'{0x0000000082a49648}: 'java.lang.Object java.lang.invoke.DirectMethodHandle$Holder.newInvokeSpecial(java.lang.Object, java.lang.Object, int, java.lang.Object)'> (0x0000000082a49648) 
thrown [s\src\hotspot\share\interpreter\linkResolver.cpp, line 771]
Event: 4.081 Thread 0x000002e126994b30 Exception <a 'java/lang/NoSuchMethodError'{0x0000000082a4d9e0}: 'java.lang.Object java.lang.invoke.DirectMethodHandle$Holder.invokeSpecial(java.lang.Object, java.lang.Object, java.lang.Object, int, java.lang.Object)'> (0x0000000082a4d9e0) 
thrown [s\src\hotspot\share\interpreter\linkResolver.cpp, line 771]
Event: 5.871 Thread 0x000002e1266aea40 Exception <a 'sun/nio/fs/WindowsException'{0x000000008299b2e0}> (0x000000008299b2e0) 
thrown [s\src\hotspot\share\prims\jni.cpp, line 517]
Event: 5.893 Thread 0x000002e1266aea40 Exception <a 'sun/nio/fs/WindowsException'{0x0000000082862e08}> (0x0000000082862e08) 
thrown [s\src\hotspot\share\prims\jni.cpp, line 517]
Event: 5.925 Thread 0x000002e126994b30 Exception <a 'java/lang/NoSuchMethodError'{0x00000000828c6420}: static Lorg/gradle/tooling/internal/consumer/connection/InternalPhasedActionAdapter;.<clinit>()V> (0x00000000828c6420) 
thrown [s\src\hotspot\share\prims\jni.cpp, line 1108]
Event: 5.932 Thread 0x000002e126994b30 Exception <a 'java/lang/NoSuchMethodError'{0x00000000828f4790}: static Lorg/gradle/tooling/internal/consumer/connection/InternalBuildActionAdapter;.<clinit>()V> (0x00000000828f4790) 
thrown [s\src\hotspot\share\prims\jni.cpp, line 1108]
Event: 5.999 Thread 0x000002e126994b30 Exception <a 'java/lang/NoSuchMethodError'{0x0000000086fde900}: static Ljava/lang/Object;.<clinit>()V> (0x0000000086fde900) 
thrown [s\src\hotspot\share\prims\jni.cpp, line 1108]
Event: 5.999 Thread 0x000002e126994b30 Exception <a 'java/lang/NoSuchMethodError'{0x0000000086fe58c0}: static Lorg/jetbrains/plugins/gradle/model/ProjectImportActionWithCustomSerializer;.<clinit>()V> (0x0000000086fe58c0) 
thrown [s\src\hotspot\share\prims\jni.cpp, line 1108]
Event: 6.009 Thread 0x000002e126994b30 Exception <a 'java/lang/NoSuchMethodError'{0x000000008415cd28}: static Lorg/jetbrains/kotlin/idea/gradleTooling/KotlinDslScriptModelProvider;.<clinit>()V> (0x000000008415cd28) 
thrown [s\src\hotspot\share\prims\jni.cpp, line 1108]
Event: 6.050 Thread 0x000002e126994b30 Exception <a 'java/lang/NoSuchMethodError'{0x00000000841ef498}: static Lorg/jetbrains/plugins/gradle/model/ClassSetProjectImportModelProvider;.<clinit>()V> (0x00000000841ef498) 
thrown [s\src\hotspot\share\prims\jni.cpp, line 1108]
Event: 6.072 Thread 0x000002e126994b30 Exception <a 'java/lang/NoSuchMethodError'{0x000000008405c980}: static Ljava/lang/Object;.<clinit>()V> (0x000000008405c980) 
thrown [s\src\hotspot\share\prims\jni.cpp, line 1108]
Event: 6.074 Thread 0x000002e126994b30 Exception <a 'java/lang/NoSuchMethodError'{0x000000008406b138}: static Lorg/jetbrains/kotlin/idea/gradleTooling/KotlinGradleModel;.<clinit>()V> (0x000000008406b138) 
thrown [s\src\hotspot\share\prims\jni.cpp, line 1108]
Event: 6.078 Thread 0x000002e126994b30 Exception <a 'java/lang/NoSuchMethodError'{0x0000000084080930}: static Lorg/jetbrains/plugins/gradle/model/AnnotationProcessingModel;.<clinit>()V> (0x0000000084080930) 
thrown [s\src\hotspot\share\prims\jni.cpp, line 1108]
Event: 6.081 Thread 0x000002e126994b30 Exception <a 'java/lang/NoSuchMethodError'{0x000000008408e218}: static Lorg/jetbrains/plugins/gradle/model/RepositoriesModel;.<clinit>()V> (0x000000008408e218) 
thrown [s\src\hotspot\share\prims\jni.cpp, line 1108]

VM Operations (20 events):
Event: 2.904 Executing VM operation: HandshakeAllThreads
Event: 2.905 Executing VM operation: HandshakeAllThreads done
Event: 2.905 Executing VM operation: HandshakeAllThreads
Event: 2.905 Executing VM operation: HandshakeAllThreads done
Event: 3.310 Executing VM operation: G1CollectForAllocation
Event: 3.318 Executing VM operation: G1CollectForAllocation done
Event: 3.878 Executing VM operation: HandshakeAllThreads
Event: 3.878 Executing VM operation: HandshakeAllThreads done
Event: 4.886 Executing VM operation: Cleanup
Event: 4.886 Executing VM operation: Cleanup done
Event: 5.897 Executing VM operation: Cleanup
Event: 5.898 Executing VM operation: Cleanup done
Event: 5.925 Executing VM operation: HandshakeAllThreads
Event: 5.925 Executing VM operation: HandshakeAllThreads done
Event: 5.962 Executing VM operation: G1CollectForAllocation
Event: 5.967 Executing VM operation: G1CollectForAllocation done
Event: 6.085 Executing VM operation: G1TryInitiateConcMark
Event: 6.090 Executing VM operation: G1TryInitiateConcMark done
Event: 6.188 Executing VM operation: G1TryInitiateConcMark
Event: 6.191 Executing VM operation: G1TryInitiateConcMark done

Events (20 events):
Event: 5.870 loading class sun/nio/fs/WindowsFileCopy done
Event: 5.871 loading class sun/nio/fs/WindowsException
Event: 5.871 loading class sun/nio/fs/WindowsException done
Event: 5.888 loading class sun/nio/fs/WindowsLinkSupport
Event: 5.889 loading class sun/nio/fs/WindowsLinkSupport done
Event: 5.889 loading class sun/nio/fs/WindowsSecurity
Event: 5.889 loading class sun/nio/fs/WindowsSecurity done
Event: 5.890 loading class sun/nio/fs/WindowsSecurity$Privilege
Event: 5.890 loading class sun/nio/fs/WindowsSecurity$Privilege done
Event: 5.892 loading class sun/nio/fs/WindowsAclFileAttributeView
Event: 5.892 loading class sun/nio/fs/AbstractAclFileAttributeView
Event: 5.892 loading class java/nio/file/attribute/AclFileAttributeView
Event: 5.892 loading class java/nio/file/attribute/FileOwnerAttributeView
Event: 5.892 loading class java/nio/file/attribute/FileOwnerAttributeView done
Event: 5.892 loading class java/nio/file/attribute/AclFileAttributeView done
Event: 5.892 loading class sun/nio/fs/AbstractAclFileAttributeView done
Event: 5.892 loading class sun/nio/fs/WindowsAclFileAttributeView done
Event: 5.968 Thread 0x000002e126c81e40 Thread added: 0x000002e126c81e40
Event: 6.010 loading class java/io/ObjectStreamClass$ExceptionInfo
Event: 6.010 loading class java/io/ObjectStreamClass$ExceptionInfo done


Dynamic libraries:
0x00007ff74a590000 - 0x00007ff74a59a000 	C:\Program Files\Android\Android Studio\jbr\bin\java.exe
0x00007ffe2f630000 - 0x00007ffe2f844000 	C:\WINDOWS\SYSTEM32\ntdll.dll
0x00007ffe2d850000 - 0x00007ffe2d914000 	C:\WINDOWS\System32\KERNEL32.DLL
0x00007ffe2caa0000 - 0x00007ffe2ce44000 	C:\WINDOWS\System32\KERNELBASE.dll
0x00007ffe2d010000 - 0x00007ffe2d121000 	C:\WINDOWS\System32\ucrtbase.dll
0x00007ffe17280000 - 0x00007ffe17297000 	C:\Program Files\Android\Android Studio\jbr\bin\jli.dll
0x00007ffe2b0c0000 - 0x00007ffe2b0db000 	C:\Program Files\Android\Android Studio\jbr\bin\VCRUNTIME140.dll
0x00007ffe2f410000 - 0x00007ffe2f5be000 	C:\WINDOWS\System32\USER32.dll
0x00007ffe2cef0000 - 0x00007ffe2cf16000 	C:\WINDOWS\System32\win32u.dll
0x00007ffe2bca0000 - 0x00007ffe2bf33000 	C:\WINDOWS\WinSxS\amd64_microsoft.windows.common-controls_6595b64144ccf1df_6.0.22621.2215_none_270d72677387dfc3\COMCTL32.dll
0x00007ffe2e990000 - 0x00007ffe2e9b9000 	C:\WINDOWS\System32\GDI32.dll
0x00007ffe2d7a0000 - 0x00007ffe2d847000 	C:\WINDOWS\System32\msvcrt.dll
0x00007ffe2d2a0000 - 0x00007ffe2d3b8000 	C:\WINDOWS\System32\gdi32full.dll
0x00007ffe2ce50000 - 0x00007ffe2ceea000 	C:\WINDOWS\System32\msvcp_win.dll
0x00007ffe2d760000 - 0x00007ffe2d791000 	C:\WINDOWS\System32\IMM32.DLL
0x00007ffe2b0f0000 - 0x00007ffe2b0fc000 	C:\Program Files\Android\Android Studio\jbr\bin\vcruntime140_1.dll
0x00007ffdfb560000 - 0x00007ffdfb5ed000 	C:\Program Files\Android\Android Studio\jbr\bin\msvcp140.dll
0x00007ffdf6800000 - 0x00007ffdf746e000 	C:\Program Files\Android\Android Studio\jbr\bin\server\jvm.dll
0x00007ffe2e280000 - 0x00007ffe2e330000 	C:\WINDOWS\System32\ADVAPI32.dll
0x00007ffe2e1d0000 - 0x00007ffe2e276000 	C:\WINDOWS\System32\sechost.dll
0x00007ffe2e410000 - 0x00007ffe2e527000 	C:\WINDOWS\System32\RPCRT4.dll
0x00007ffe28a80000 - 0x00007ffe28ab4000 	C:\WINDOWS\SYSTEM32\WINMM.dll
0x00007ffe001c0000 - 0x00007ffe001c9000 	C:\WINDOWS\SYSTEM32\WSOCK32.dll
0x00007ffe26fb0000 - 0x00007ffe26fba000 	C:\WINDOWS\SYSTEM32\VERSION.dll
0x00007ffe2e540000 - 0x00007ffe2e5b1000 	C:\WINDOWS\System32\WS2_32.dll
0x00007ffe2abe0000 - 0x00007ffe2abf8000 	C:\WINDOWS\SYSTEM32\kernel.appcore.dll
0x00007ffe23f30000 - 0x00007ffe23f3a000 	C:\Program Files\Android\Android Studio\jbr\bin\jimage.dll
0x00007ffe2c270000 - 0x00007ffe2c49e000 	C:\WINDOWS\SYSTEM32\DBGHELP.DLL
0x00007ffe2de40000 - 0x00007ffe2e1ca000 	C:\WINDOWS\System32\combase.dll
0x00007ffe2e330000 - 0x00007ffe2e407000 	C:\WINDOWS\System32\OLEAUT32.dll
0x00007ffe2c130000 - 0x00007ffe2c162000 	C:\WINDOWS\SYSTEM32\dbgcore.DLL
0x00007ffe2cf20000 - 0x00007ffe2cf9a000 	C:\WINDOWS\System32\bcryptPrimitives.dll
0x00007ffe17e00000 - 0x00007ffe17e0e000 	C:\Program Files\Android\Android Studio\jbr\bin\instrument.dll
0x00007ffe15560000 - 0x00007ffe15585000 	C:\Program Files\Android\Android Studio\jbr\bin\java.dll
0x00007ffe1a600000 - 0x00007ffe1a618000 	C:\Program Files\Android\Android Studio\jbr\bin\zip.dll
0x00007ffe2ebe0000 - 0x00007ffe2f403000 	C:\WINDOWS\System32\SHELL32.dll
0x00007ffe29a20000 - 0x00007ffe2a30a000 	C:\WINDOWS\SYSTEM32\windows.storage.dll
0x00007ffe298e0000 - 0x00007ffe29a1e000 	C:\WINDOWS\SYSTEM32\wintypes.dll
0x00007ffe2d660000 - 0x00007ffe2d753000 	C:\WINDOWS\System32\SHCORE.dll
0x00007ffe2d3c0000 - 0x00007ffe2d41e000 	C:\WINDOWS\System32\shlwapi.dll
0x00007ffe2c910000 - 0x00007ffe2c936000 	C:\WINDOWS\SYSTEM32\profapi.dll
0x00007ffe190c0000 - 0x00007ffe190d9000 	C:\Program Files\Android\Android Studio\jbr\bin\net.dll
0x00007ffe227a0000 - 0x00007ffe228d7000 	C:\WINDOWS\SYSTEM32\WINHTTP.dll
0x00007ffe2b780000 - 0x00007ffe2b7e9000 	C:\WINDOWS\system32\mswsock.dll
0x00007ffe18e90000 - 0x00007ffe18ea6000 	C:\Program Files\Android\Android Studio\jbr\bin\nio.dll
0x00007ffe17e10000 - 0x00007ffe17e20000 	C:\Program Files\Android\Android Studio\jbr\bin\verify.dll
0x00007ffe2b110000 - 0x00007ffe2b137000 	C:\Users\Nikita\.gradle\native\68d5fa5c4cc2d200863cafc0d521ce42e7d3e7ee720ec0a83991735586a16f82\windows-amd64\native-platform.dll
0x00007ffdf9c20000 - 0x00007ffdf9d64000 	C:\Users\Nikita\.gradle\native\e376f236ea51e6404a007f0833ffe2c6e607c4080706a723a18a27aeea778392\windows-amd64\native-platform-file-events.dll
0x00007ffe17560000 - 0x00007ffe17569000 	C:\Program Files\Android\Android Studio\jbr\bin\management.dll
0x00007ffe17260000 - 0x00007ffe1726b000 	C:\Program Files\Android\Android Studio\jbr\bin\management_ext.dll
0x00007ffe2e5c0000 - 0x00007ffe2e5c8000 	C:\WINDOWS\System32\PSAPI.DLL
0x00007ffe2c590000 - 0x00007ffe2c5ab000 	C:\WINDOWS\SYSTEM32\CRYPTSP.dll
0x00007ffe2aba0000 - 0x00007ffe2abd5000 	C:\WINDOWS\system32\rsaenh.dll
0x00007ffe2b9f0000 - 0x00007ffe2ba1c000 	C:\WINDOWS\SYSTEM32\USERENV.dll
0x00007ffe2c170000 - 0x00007ffe2c198000 	C:\WINDOWS\SYSTEM32\bcrypt.dll
0x00007ffe2ba20000 - 0x00007ffe2ba2c000 	C:\WINDOWS\SYSTEM32\CRYPTBASE.dll
0x00007ffe2a570000 - 0x00007ffe2a59d000 	C:\WINDOWS\SYSTEM32\IPHLPAPI.DLL
0x00007ffe2e530000 - 0x00007ffe2e539000 	C:\WINDOWS\System32\NSI.dll
0x00007ffe22970000 - 0x00007ffe22989000 	C:\WINDOWS\SYSTEM32\dhcpcsvc6.DLL
0x00007ffe22640000 - 0x00007ffe2265f000 	C:\WINDOWS\SYSTEM32\dhcpcsvc.DLL
0x00007ffe2a5e0000 - 0x00007ffe2a6d2000 	C:\WINDOWS\SYSTEM32\DNSAPI.dll
0x00007ffdadbd0000 - 0x00007ffdadbd8000 	C:\WINDOWS\system32\wshunix.dll
0x00007ffe2c230000 - 0x00007ffe2c264000 	C:\WINDOWS\SYSTEM32\ntmarta.dll

dbghelp: loaded successfully - version: 4.0.5 - missing functions: none
symbol engine: initialized successfully - sym options: 0x614 - pdb path: .;C:\Program Files\Android\Android Studio\jbr\bin;C:\WINDOWS\SYSTEM32;C:\WINDOWS\WinSxS\amd64_microsoft.windows.common-controls_6595b64144ccf1df_6.0.22621.2215_none_270d72677387dfc3;C:\Program Files\Android\Android Studio\jbr\bin\server;C:\Users\Nikita\.gradle\native\68d5fa5c4cc2d200863cafc0d521ce42e7d3e7ee720ec0a83991735586a16f82\windows-amd64;C:\Users\Nikita\.gradle\native\e376f236ea51e6404a007f0833ffe2c6e607c4080706a723a18a27aeea778392\windows-amd64

VM Arguments:
jvm_args: --add-opens=java.base/java.util=ALL-UNNAMED --add-opens=java.base/java.lang=ALL-UNNAMED --add-opens=java.base/java.lang.invoke=ALL-UNNAMED --add-opens=java.prefs/java.util.prefs=ALL-UNNAMED --add-opens=java.base/java.nio.charset=ALL-UNNAMED --add-opens=java.base/java.net=ALL-UNNAMED --add-opens=java.base/java.util.concurrent.atomic=ALL-UNNAMED -Xmx2048m -Dfile.encoding=UTF-8 -Duser.country=US -Duser.language=en -Duser.variant -javaagent:C:\Users\Nikita\.gradle\wrapper\dists\gradle-8.1.1-bin\9wiye5v2saajue4irfo8ybqfp\gradle-8.1.1\lib\agents\gradle-instrumentation-agent-8.1.1.jar 
java_command: org.gradle.launcher.daemon.bootstrap.GradleDaemon 8.1.1
java_class_path (initial): C:\Users\Nikita\.gradle\wrapper\dists\gradle-8.1.1-bin\9wiye5v2saajue4irfo8ybqfp\gradle-8.1.1\lib\gradle-launcher-8.1.1.jar
Launcher Type: SUN_STANDARD

[Global flags]
     intx CICompilerCount                          = 4                                         {product} {ergonomic}
     uint ConcGCThreads                            = 2                                         {product} {ergonomic}
     uint G1ConcRefinementThreads                  = 8                                         {product} {ergonomic}
   size_t G1HeapRegionSize                         = 1048576                                   {product} {ergonomic}
    uintx GCDrainStackTargetSize                   = 64                                        {product} {ergonomic}
   size_t InitialHeapSize                          = 117440512                                 {product} {ergonomic}
   size_t MarkStackSize                            = 4194304                                   {product} {ergonomic}
   size_t MaxHeapSize                              = 2147483648                                {product} {command line}
   size_t MaxNewSize                               = 1287651328                                {product} {ergonomic}
   size_t MinHeapDeltaBytes                        = 1048576                                   {product} {ergonomic}
   size_t MinHeapSize                              = 8388608                                   {product} {ergonomic}
    uintx NonNMethodCodeHeapSize                   = 5839372                                {pd product} {ergonomic}
    uintx NonProfiledCodeHeapSize                  = 122909434                              {pd product} {ergonomic}
    uintx ProfiledCodeHeapSize                     = 122909434                              {pd product} {ergonomic}
    uintx ReservedCodeCacheSize                    = 251658240                              {pd product} {ergonomic}
     bool SegmentedCodeCache                       = true                                      {product} {ergonomic}
   size_t SoftMaxHeapSize                          = 2147483648                             {manageable} {ergonomic}
     bool UseCompressedClassPointers               = true                           {product lp64_product} {ergonomic}
     bool UseCompressedOops                        = true                           {product lp64_product} {ergonomic}
     bool UseG1GC                                  = true                                      {product} {ergonomic}
     bool UseLargePagesIndividualAllocation        = false                                  {pd product} {ergonomic}

Logging:
Log output configuration:
 #0: stdout all=warning uptime,level,tags
 #1: stderr all=off uptime,level,tags

Environment Variables:
PATH=C:\Program Files\Common Files\Oracle\Java\javapath;C:\WINDOWS\system32;C:\WINDOWS;C:\WINDOWS\System32\Wbem;C:\WINDOWS\System32\WindowsPowerShell\v1.0\;C:\WINDOWS\System32\OpenSSH\;C:\Program Files\Git\cmd;C:\Program Files\Microsoft SQL Server\130\Tools\Binn\;C:\Program Files\Common Files\Autodesk Shared\;C:\Program Files\Microsoft SQL Server\120\Tools\Binn\;C:\Program Files\dotnet\;C:\Program Files\Microsoft SQL Server\Client SDK\ODBC\170\Tools\Binn\;C:\Program Files (x86)\Microsoft SQL Server\150\Tools\Binn\;C:\Program Files\Microsoft SQL Server\150\Tools\Binn\;C:\Program Files\Microsoft SQL Server\150\DTS\Binn\;C:\Program Files (x86)\Microsoft SQL Server\150\DTS\Binn\;C:\Program Files\Azure Data Studio\bin;C:\Program Files\nodejs\;%SystemRoot%\system32;%SystemRoot%;%SystemRoot%\System32\Wbem;%SYSTEMROOT%\System32\WindowsPowerShell\v1.0\;%SYSTEMROOT%\System32\OpenSSH\;C:\Users\Nikita\.console-ninja\.bin;C:\Users\Nikita\AppData\Local\Programs\Python\Python311\Scripts\;C:\Users\Nikita\AppData\Local\Programs\Python\Python311\;C:\Program Files\MySQL\MySQL Shell 8.0\bin\;C:\Users\Nikita\AppData\Local\Microsoft\WindowsApps;C:\Users\Nikita\.dotnet\tools;C:\Users\Nikita\AppData\Local\Programs\Microsoft VS Code\bin;C:\Program Files\Azure Data Studio\bin;C:\Program Files\JetBrains\IntelliJ IDEA 2022.3.2\bin;;C:\Users\Nikita\AppData\Roaming\npm;C:\Program Files\JetBrains\PyCharm Community Edition 2022.3.3\bin;;
USERNAME=Nikita
OS=Windows_NT
PROCESSOR_IDENTIFIER=AMD64 Family 23 Model 24 Stepping 1, AuthenticAMD
TMP=C:\Users\Nikita\AppData\Local\Temp
TEMP=C:\Users\Nikita\AppData\Local\Temp


JNI global refs:
JNI global refs: 26, weak refs: 1

JNI global refs memory usage: 843, weak refs: 841


---------------  S Y S T E M  ---------------

OS:
 Windows 11 , 64 bit Build 22621 (10.0.22621.2215)
OS uptime: 0 days 0:21 hours
Hyper-V role detected

CPU: total 8 (initial active 8) (8 cores per cpu, 2 threads per core) family 23 model 24 stepping 1 microcode 0x0, cx8, cmov, fxsr, ht, mmx, 3dnowpref, sse, sse2, sse3, ssse3, sse4a, sse4.1, sse4.2, popcnt, lzcnt, tsc, tscinvbit, avx, avx2, aes, clmul, bmi1, bmi2, adx, sha, fma, vzeroupper, clflush, clflushopt, hv

Memory: 4k page, system-wide physical 7103M (484M free)
TotalPageFile size 14783M (AvailPageFile size 6604M)
current process WorkingSet (physical memory assigned to process): 174M, peak: 193M
current process commit charge ("private bytes"): 225M, peak: 244M

vm_info: OpenJDK 64-Bit Server VM (17.0.6+0-b2043.56-10027231) for windows-amd64 JRE (17.0.6+0-b2043.56-10027231), built on Apr 28 2023 00:43:19 by "androidbuild" with MS VC++ 16.10 / 16.11 (VS2019)

END.
